<?xml version="1.0" encoding="UTF-8"?>
<!-- Generated by org.testng.reporters.JUnitXMLReporter -->
<testsuite ignored="0" hostname="DESKTOP-TO5HMTO" failures="0" tests="11" name="Regression" time="36.731" errors="0" timestamp="2024-06-30T15:02:31 EEST">
  <testcase classname="tests.T01_Regirstration" name="register" time="2.569"/>
  <testcase classname="tests.T02_Login" name="register" time="3.525"/>
  <testcase classname="tests.T02_Login" name="testLogin" time="1.227"/>
  <testcase classname="tests.T03_Search" name="searchByProdName" time="0.711"/>
  <testcase classname="tests.T03_Search" name="searchByAutoSuggs" time="1.106"/>
  <testcase classname="tests.T04_ChangePassword" name="register" time="3.749"/>
  <testcase classname="tests.T04_ChangePassword" name="login" time="1.355"/>
  <testcase classname="tests.T04_ChangePassword" name="changePass" time="1.706"/>
  <testcase classname="tests.T05_Cart" name="searchByProdName" time="0.79"/>
  <testcase classname="tests.T05_Cart" name="addProdToCart" time="0.63"/>
  <testcase classname="tests.T05_Cart" name="verifyProdAddedToCart" time="1.728"/>
</testsuite> <!-- Regression -->
