<?xml version="1.0" encoding="UTF-8"?>
<!-- Generated by org.testng.reporters.JUnitXMLReporter -->
<testsuite ignored="0" hostname="DESKTOP-TO5HMTO" failures="0" tests="21" name="Test" time="104.957" errors="0" timestamp="2024-07-25T10:18:52 EEST">
  <testcase classname="tests.T01_Regirstration" name="TestRegistration_P" time="2.985"/>
  <testcase classname="tests.T01_Regirstration" name="TestRegistration_P" time="2.126"/>
  <testcase classname="tests.T01_Regirstration" name="TestRegistration_P" time="2.315"/>
  <testcase classname="tests.T01_Regirstration" name="testMissingFirstName_N" time="0.89"/>
  <testcase classname="tests.T01_Regirstration" name="testMissingEmail_N" time="0.824"/>
  <testcase classname="tests.T01_Regirstration" name="testMisMatchingPasswords_N" time="0.928"/>
  <testcase classname="tests.T02_Login" name="TestLogin_P" time="2.47"/>
  <testcase classname="tests.T02_Login" name="TestInvalidPasswordLogin_N" time="1.073"/>
  <testcase classname="tests.T02_Login" name="TestInvalidEmailLogin_N" time="0.938"/>
  <testcase classname="tests.T03_ForgotPassword" name="TestPasswordRecovering_P" time="1.88"/>
  <testcase classname="tests.T03_ForgotPassword" name="TestPasswordRecovering_N" time="1.546"/>
  <testcase classname="tests.T04_ChangePassword" name="TestPasswordChange_N" time="3.79"/>
  <testcase classname="tests.T04_ChangePassword" name="TestPasswordChange_P" time="3.733"/>
  <testcase classname="tests.T05_Search" name="testSearchByProductName" time="1.551"/>
  <testcase classname="tests.T05_Search" name="testSearchByAutoSuggs" time="1.61"/>
  <testcase classname="tests.T06_RandomFiterTest" name="testRandomColorFilter" time="0.982"/>
  <testcase classname="tests.T07_ShoppingCart" name="testAddProductsToShoppingCart" time="6.504"/>
  <testcase classname="tests.T08_SortItems" name="sortByPriceTest" time="1.179"/>
  <testcase classname="tests.T09_WishList" name="addProdToWishListTest" time="3.208"/>
  <testcase classname="tests.T10CheckOut_e2e" name="chequeCheckOutTest" time="2.043"/>
  <testcase classname="tests.T10CheckOut_e2e" name="cerditCheckOutTest" time="2.401"/>
</testsuite> <!-- Test -->
