<?xml version="1.0" encoding="UTF-8"?>
<testsuite xmlns:xsi="http://www.w3.org/2001/XMLSchema-instance" xsi:noNamespaceSchemaLocation="https://maven.apache.org/surefire/maven-surefire-plugin/xsd/surefire-test-report-3.0.xsd" version="3.0" name="TestSuite" time="106.093" tests="21" errors="0" skipped="0" failures="0">
  <properties>
[...]
</properties>
  <testcase name="TestRegistration_P[sara, ali, 2, 7, 1994, saralli5534@gmail.com, microsoft, lODyt66](1)" classname="tests.T01_Regirstration" time="3.034">
    <system-err><![CDATA[SLF4J: Failed to load class "org.slf4j.impl.StaticLoggerBinder".
SLF4J: Defaulting to no-operation (NOP) logger implementation
SLF4J: See http://www.slf4j.org/codes.html#StaticLoggerBinder for further details.
Jul 25, 2024 10:17:08 AM org.openqa.selenium.devtools.CdpVersionFinder findNearestMatch
WARNING: Unable to find CDP implementation matching 126
Jul 25, 2024 10:17:08 AM org.openqa.selenium.chromium.ChromiumDriver lambda$new$5
WARNING: Unable to find version of CDP to use for 126.0.6478.183. You may need to include a dependency on a specific version of the CDP using something similar to `org.seleniumhq.selenium:selenium-devtools-v86:4.16.1` where the version ("v86") matches the version of the chromium-based browser you're using and the version number of the artifact is the same as Selenium's.
ERROR StatusLogger Log4j2 could not find a logging implementation. Please add log4j-core to the classpath. Using SimpleLogger to log to the console...
]]></system-err>
  </testcase>
  <testcase name="TestRegistration_P[mohamed, ahmed, 3, 5, 1992, mmohamedahmed3438@gmail.com, google, nJuTG66](2)" classname="tests.T01_Regirstration" time="2.128"/>
  <testcase name="TestRegistration_P[farid, mohamed, 4, 3, 1991, farridmohamed35456@gmail.com, twittwe, hU65Fv5](3)" classname="tests.T01_Regirstration" time="2.317"/>
  <testcase name="testMissingFirstName_N" classname="tests.T01_Regirstration" time="0.89"/>
  <testcase name="testMissingEmail_N" classname="tests.T01_Regirstration" time="0.824"/>
  <testcase name="testMisMatchingPasswords_N" classname="tests.T01_Regirstration" time="0.927"/>
  <testcase name="TestLogin_P" classname="tests.T02_Login" time="2.472">
    <system-err><![CDATA[Jul 25, 2024 10:17:22 AM org.openqa.selenium.devtools.CdpVersionFinder findNearestMatch
WARNING: Unable to find CDP implementation matching 126
Jul 25, 2024 10:17:22 AM org.openqa.selenium.chromium.ChromiumDriver lambda$new$5
WARNING: Unable to find version of CDP to use for 126.0.6478.183. You may need to include a dependency on a specific version of the CDP using something similar to `org.seleniumhq.selenium:selenium-devtools-v86:4.16.1` where the version ("v86") matches the version of the chromium-based browser you're using and the version number of the artifact is the same as Selenium's.
]]></system-err>
  </testcase>
  <testcase name="TestInvalidPasswordLogin_N" classname="tests.T02_Login" time="1.075"/>
  <testcase name="TestInvalidEmailLogin_N" classname="tests.T02_Login" time="0.94"/>
  <testcase name="TestPasswordRecovering_P" classname="tests.T03_ForgotPassword" time="1.883">
    <system-err><![CDATA[Jul 25, 2024 10:17:30 AM org.openqa.selenium.devtools.CdpVersionFinder findNearestMatch
WARNING: Unable to find CDP implementation matching 126
Jul 25, 2024 10:17:30 AM org.openqa.selenium.chromium.ChromiumDriver lambda$new$5
WARNING: Unable to find version of CDP to use for 126.0.6478.183. You may need to include a dependency on a specific version of the CDP using something similar to `org.seleniumhq.selenium:selenium-devtools-v86:4.16.1` where the version ("v86") matches the version of the chromium-based browser you're using and the version number of the artifact is the same as Selenium's.
]]></system-err>
  </testcase>
  <testcase name="TestPasswordRecovering_N" classname="tests.T03_ForgotPassword" time="1.551"/>
  <testcase name="TestPasswordChange_N" classname="tests.T04_ChangePassword" time="3.79">
    <system-err><![CDATA[Jul 25, 2024 10:17:38 AM org.openqa.selenium.devtools.CdpVersionFinder findNearestMatch
WARNING: Unable to find CDP implementation matching 126
Jul 25, 2024 10:17:38 AM org.openqa.selenium.chromium.ChromiumDriver lambda$new$5
WARNING: Unable to find version of CDP to use for 126.0.6478.183. You may need to include a dependency on a specific version of the CDP using something similar to `org.seleniumhq.selenium:selenium-devtools-v86:4.16.1` where the version ("v86") matches the version of the chromium-based browser you're using and the version number of the artifact is the same as Selenium's.
]]></system-err>
  </testcase>
  <testcase name="TestPasswordChange_P" classname="tests.T04_ChangePassword" time="3.734"/>
  <testcase name="testSearchByProductName" classname="tests.T05_Search" time="1.552">
    <system-err><![CDATA[Jul 25, 2024 10:17:49 AM org.openqa.selenium.devtools.CdpVersionFinder findNearestMatch
WARNING: Unable to find CDP implementation matching 126
Jul 25, 2024 10:17:49 AM org.openqa.selenium.chromium.ChromiumDriver lambda$new$5
WARNING: Unable to find version of CDP to use for 126.0.6478.183. You may need to include a dependency on a specific version of the CDP using something similar to `org.seleniumhq.selenium:selenium-devtools-v86:4.16.1` where the version ("v86") matches the version of the chromium-based browser you're using and the version number of the artifact is the same as Selenium's.
]]></system-err>
  </testcase>
  <testcase name="testSearchByAutoSuggs" classname="tests.T05_Search" time="1.611"/>
  <testcase name="testRandomColorFilter" classname="tests.T06_RandomFiterTest" time="0.984">
    <system-err><![CDATA[Jul 25, 2024 10:17:56 AM org.openqa.selenium.devtools.CdpVersionFinder findNearestMatch
WARNING: Unable to find CDP implementation matching 126
Jul 25, 2024 10:17:56 AM org.openqa.selenium.chromium.ChromiumDriver lambda$new$5
WARNING: Unable to find version of CDP to use for 126.0.6478.183. You may need to include a dependency on a specific version of the CDP using something similar to `org.seleniumhq.selenium:selenium-devtools-v86:4.16.1` where the version ("v86") matches the version of the chromium-based browser you're using and the version number of the artifact is the same as Selenium's.
]]></system-err>
  </testcase>
  <testcase name="testAddProductsToShoppingCart" classname="tests.T07_ShoppingCart" time="6.507">
    <system-err><![CDATA[Jul 25, 2024 10:18:01 AM org.openqa.selenium.devtools.CdpVersionFinder findNearestMatch
WARNING: Unable to find CDP implementation matching 126
Jul 25, 2024 10:18:01 AM org.openqa.selenium.chromium.ChromiumDriver lambda$new$5
WARNING: Unable to find version of CDP to use for 126.0.6478.183. You may need to include a dependency on a specific version of the CDP using something similar to `org.seleniumhq.selenium:selenium-devtools-v86:4.16.1` where the version ("v86") matches the version of the chromium-based browser you're using and the version number of the artifact is the same as Selenium's.
]]></system-err>
  </testcase>
  <testcase name="sortByPriceTest" classname="tests.T08_SortItems" time="1.181">
    <system-err><![CDATA[Jul 25, 2024 10:18:12 AM org.openqa.selenium.devtools.CdpVersionFinder findNearestMatch
WARNING: Unable to find CDP implementation matching 126
Jul 25, 2024 10:18:12 AM org.openqa.selenium.chromium.ChromiumDriver lambda$new$5
WARNING: Unable to find version of CDP to use for 126.0.6478.183. You may need to include a dependency on a specific version of the CDP using something similar to `org.seleniumhq.selenium:selenium-devtools-v86:4.16.1` where the version ("v86") matches the version of the chromium-based browser you're using and the version number of the artifact is the same as Selenium's.
]]></system-err>
  </testcase>
  <testcase name="addProdToWishListTest" classname="tests.T09_WishList" time="3.209">
    <system-err><![CDATA[Jul 25, 2024 10:18:17 AM org.openqa.selenium.devtools.CdpVersionFinder findNearestMatch
WARNING: Unable to find CDP implementation matching 126
Jul 25, 2024 10:18:17 AM org.openqa.selenium.chromium.ChromiumDriver lambda$new$5
WARNING: Unable to find version of CDP to use for 126.0.6478.183. You may need to include a dependency on a specific version of the CDP using something similar to `org.seleniumhq.selenium:selenium-devtools-v86:4.16.1` where the version ("v86") matches the version of the chromium-based browser you're using and the version number of the artifact is the same as Selenium's.
]]></system-err>
  </testcase>
  <testcase name="chequeCheckOutTest" classname="tests.T10CheckOut_e2e" time="2.044">
    <system-err><![CDATA[Jul 25, 2024 10:18:27 AM org.openqa.selenium.devtools.CdpVersionFinder findNearestMatch
WARNING: Unable to find CDP implementation matching 126
Jul 25, 2024 10:18:27 AM org.openqa.selenium.chromium.ChromiumDriver lambda$new$5
WARNING: Unable to find version of CDP to use for 126.0.6478.183. You may need to include a dependency on a specific version of the CDP using something similar to `org.seleniumhq.selenium:selenium-devtools-v86:4.16.1` where the version ("v86") matches the version of the chromium-based browser you're using and the version number of the artifact is the same as Selenium's.
]]></system-err>
  </testcase>
  <testcase name="cerditCheckOutTest" classname="tests.T10CheckOut_e2e" time="2.402"/>
</testsuite>